<?xml version="1.0" encoding="UTF-8"?><TestSessionContainer xmlns="http://www.codecover.org/xml/testsession-container" Date="1611614180688" TestSessionContainerId="1db77460-e93a-4302-833b-a5157bfda0a6" version="1.0">
    <SrcFileList>
        <SrcFile Content="package Boundary;&#13;&#10;&#13;&#10;import java.awt.EventQueue;&#13;&#10;&#13;&#10;import javax.swing.JFrame;&#13;&#10;import javax.swing.JPanel;&#13;&#10;import javax.swing.border.EmptyBorder;&#13;&#10;import javax.swing.JButton;&#13;&#10;import java.awt.event.ActionListener;&#13;&#10;import java.awt.event.ActionEvent;&#13;&#10;import java.awt.Font;&#13;&#10;import java.awt.GradientPaint;&#13;&#10;import java.awt.Graphics;&#13;&#10;import java.awt.Graphics2D;&#13;&#10;import java.awt.Paint;&#13;&#10;import java.awt.RenderingHints;&#13;&#10;&#13;&#10;import javax.swing.JTextField;&#13;&#10;import javax.swing.JLabel;&#13;&#10;import java.awt.Color;&#13;&#10;import javax.swing.JPasswordField;&#13;&#10;import javax.swing.JCheckBox;&#13;&#10;import javax.swing.SwingConstants;&#13;&#10;import java.awt.Toolkit;&#13;&#10;&#13;&#10;public class RichiestaRimborsoFormWindow extends JFrame {&#13;&#10;&#13;&#10;&#9;private static final long serialVersionUID = 1L;&#13;&#10;&#9;private JPanel contentPane;&#13;&#10;&#9;private JTextField textCodice;&#13;&#10;&#9;private JTextField textID;&#13;&#10;&#9;private JPasswordField passwordField;&#13;&#10;&#9;private JLabel lblStringa;&#13;&#10;&#9;private JLabel lblProgrammaCashBack;&#13;&#10;&#9;private JLabel lblPassword;&#13;&#10;&#9;private JLabel lblID;&#13;&#10;&#9;private JPanel panelSfumato;&#13;&#10;&#9;&#13;&#10;&#13;&#10;&#9;&#13;&#10;&#9;public static void main(String[] args) {&#13;&#10;&#9;&#9;EventQueue.invokeLater(new Runnable() {&#13;&#10;&#9;&#9;&#9;public void run() {&#13;&#10;&#9;&#9;&#9;&#9;try {&#13;&#10;&#9;&#9;&#9;&#9;&#9;RichiestaRimborsoFormWindow frame = new RichiestaRimborsoFormWindow();&#13;&#10;&#9;&#9;&#9;&#9;&#9;frame.setVisible(true);&#13;&#10;&#9;&#9;&#9;&#9;} catch (Exception e) {&#13;&#10;&#9;&#9;&#9;&#9;&#9;e.printStackTrace();&#13;&#10;&#9;&#9;&#9;&#9;}&#13;&#10;&#9;&#9;&#9;}&#13;&#10;&#9;&#9;});&#13;&#10;&#9;}&#13;&#10;&#13;&#10;&#13;&#10;&#9;public RichiestaRimborsoFormWindow() {&#13;&#10;&#9;&#9;setTitle(&quot;Programma CashBack - Richiesta Rimborso&quot;);&#13;&#10;&#9;&#9;setIconImage(Toolkit.getDefaultToolkit().getImage(RichiestaRimborsoFormWindow.class.getResource(&quot;/Boundary/io.png&quot;)));&#13;&#10;&#9;&#9;setDefaultCloseOperation(JFrame.EXIT_ON_CLOSE);&#13;&#10;&#9;&#9;setBounds(100, 100, 450, 300);&#13;&#10;&#9;&#9;contentPane = new JPanel();&#13;&#10;&#9;&#9;contentPane.setBorder(new EmptyBorder(5, 5, 5, 5));&#13;&#10;&#9;&#9;setContentPane(contentPane);&#13;&#10;&#9;&#9;contentPane.setLayout(null);&#13;&#10;&#9;&#9;&#13;&#10;&#9;&#9;JButton RichiediRimborsoButton = new JButton(&quot;Richiedi rimborso&quot;);&#13;&#10;&#9;&#9;RichiediRimborsoButton.setFont(new Font(&quot;Franklin Gothic Medium&quot;, Font.PLAIN, 13));&#13;&#10;&#9;&#9;RichiediRimborsoButton.addActionListener(new ActionListener() {&#13;&#10;&#9;&#9;&#9;public void actionPerformed(ActionEvent e) {&#13;&#10;&#9;&#9;&#9;&#9;//gestore, chiama una funzione del controller&#13;&#10;&#9;&#9;&#9;&#9;int codice;&#13;&#10;&#9;&#9;&#9;&#9;if(textCodice.getText().equals(&quot;&quot;) || textID.getText().equals(&quot;&quot;) || String.valueOf(passwordField.getPassword()).equals(&quot;&quot;)) {&#13;&#10;&#9;&#9;&#9;&#9;&#9;lblStringa.setVisible(true);&#13;&#10;&#9;&#9;&#9;&#9;&#9;lblStringa.setText(&quot;Non puoi lasciare i campi vuoti!&quot;);&#13;&#10;&#9;&#9;&#9;&#9;}&#13;&#10;&#9;&#9;&#9;&#9;else {&#13;&#10;&#9;&#9;&#9;&#9;codice = Integer.parseInt(textCodice.getText());&#13;&#10;&#9;&#9;&#9;&#9;String id = textID.getText();&#13;&#10;&#9;&#9;&#9;&#9;String password = String.valueOf(passwordField.getPassword());&#13;&#10;&#9;&#9;&#9;&#9;String stringa=Control.RichiestaRimborsoController.RichiestaRimborsoHandler(codice, id, password);&#13;&#10;&#9;&#9;&#9;&#9;lblStringa.setVisible(true);&#13;&#10;&#9;&#9;&#9;&#9;lblStringa.setText(stringa);&#13;&#10;&#9;&#9;&#9;&#9;}&#13;&#10;&#9;&#9;&#9;}&#13;&#10;&#9;&#9;});&#13;&#10;&#9;&#9;RichiediRimborsoButton.setBounds(134, 157, 146, 30);&#13;&#10;&#9;&#9;contentPane.add(RichiediRimborsoButton);&#13;&#10;&#9;&#9;&#13;&#10;&#9;&#9;lblID = new JLabel(&quot;User ID&quot;);&#13;&#10;&#9;&#9;lblID.setFont(new Font(&quot;Dubai&quot;, Font.PLAIN, 18));&#13;&#10;&#9;&#9;lblID.setBounds(92, 67, 62, 30);&#13;&#10;&#9;&#9;contentPane.add(lblID);&#13;&#10;&#9;&#9;&#13;&#10;&#9;&#9;lblPassword = new JLabel(&quot;Password&quot;);&#13;&#10;&#9;&#9;lblPassword.setFont(new Font(&quot;Dubai&quot;, Font.PLAIN, 18));&#13;&#10;&#9;&#9;lblPassword.setBounds(277, 67, 70, 30);&#13;&#10;&#9;&#9;contentPane.add(lblPassword);&#13;&#10;&#9;&#9;&#13;&#10;&#9;&#9;textID = new JTextField();&#13;&#10;&#9;&#9;textID.setBounds(61, 97, 116, 20);&#13;&#10;&#9;&#9;contentPane.add(textID);&#13;&#10;&#9;&#9;textID.setColumns(15);&#13;&#10;&#9;&#9;&#13;&#10;&#9;&#9;lblStringa = new JLabel(&quot;&quot;);&#13;&#10;&#9;&#9;lblStringa.setHorizontalAlignment(SwingConstants.LEFT);&#13;&#10;&#9;&#9;lblStringa.setFont(new Font(&quot;Segoe UI Semibold&quot;, Font.PLAIN, 13));&#13;&#10;&#9;&#9;lblStringa.setForeground(Color.WHITE);&#13;&#10;&#9;&#9;lblStringa.setBounds(10, 207, 414, 30);&#13;&#10;&#9;&#9;lblStringa.setVisible(false);&#13;&#10;&#9;&#9;contentPane.add(lblStringa);&#13;&#10;&#9;&#9;&#13;&#10;&#9;&#9;textCodice = new JTextField();&#13;&#10;&#9;&#9;textCodice.setBounds(257, 30, 70, 20);&#13;&#10;&#9;&#9;contentPane.add(textCodice);&#13;&#10;&#9;&#9;textCodice.setColumns(6);&#13;&#10;&#9;&#9;&#13;&#10;&#9;&#9;lblProgrammaCashBack = new JLabel(&quot;Codice del programma CashBack&quot;);&#13;&#10;&#9;&#9;lblProgrammaCashBack.setBounds(33, 27, 201, 26);&#13;&#10;&#9;&#9;contentPane.add(lblProgrammaCashBack);&#13;&#10;&#9;&#9;lblProgrammaCashBack.setFont(new Font(&quot;Dubai&quot;, Font.PLAIN, 15));&#13;&#10;&#9;&#9;&#13;&#10;&#9;&#9;JCheckBox chckbxPassword = new JCheckBox(&quot;Mostra password&quot;);&#13;&#10;&#9;&#9;chckbxPassword.setOpaque(false);&#13;&#10;&#9;&#9;chckbxPassword.setFont(new Font(&quot;Tahoma&quot;, Font.PLAIN, 11));&#13;&#10;&#9;&#9;chckbxPassword.addActionListener(new ActionListener() {&#13;&#10;&#9;&#9;&#9;public void actionPerformed(ActionEvent e) {&#13;&#10;&#9;&#9;&#9;&#9;if(chckbxPassword.isSelected()) {&#13;&#10;&#9;&#9;&#9;&#9;&#9;passwordField.setEchoChar((char)0);&#13;&#10;&#9;&#9;&#9;&#9;}&#13;&#10;&#9;&#9;&#9;&#9;else {&#13;&#10;&#9;&#9;&#9;&#9;&#9;passwordField.setEchoChar('*');&#13;&#10;&#9;&#9;&#9;&#9;}&#13;&#10;&#9;&#9;&#9;}&#13;&#10;&#9;&#9;});&#13;&#10;&#9;&#9;chckbxPassword.setBounds(257, 120, 121, 20);&#13;&#10;&#9;&#9;contentPane.add(chckbxPassword);&#13;&#10;&#9;&#9;&#13;&#10;&#9;&#9;passwordField = new JPasswordField();&#13;&#10;&#9;&#9;passwordField.setColumns(10);&#13;&#10;&#9;&#9;passwordField.setEchoChar('*');&#13;&#10;&#9;&#9;passwordField.setBounds(257, 97, 107, 20);&#13;&#10;&#9;&#9;contentPane.add(passwordField);&#13;&#10;&#9;&#9;&#13;&#10;&#9;&#9;panelSfumato = new JPanel() {&#13;&#10;&#13;&#10;&#9;&#9;&#9;private static final long serialVersionUID = 1L;&#13;&#10;&#9;&#9;&#9;@Override&#13;&#10;&#9;&#9;&#9;protected void paintComponent(Graphics g) {&#13;&#10;&#9;            if (g instanceof Graphics2D) {   &#13;&#10;&#9;               int w = getWidth();&#13;&#10;&#9;               int h = getHeight();&#13;&#10;&#9;               Paint p = new GradientPaint(w/2, h, Color.BLUE, w/2, 0, Color.WHITE, true);&#13;&#10;&#9;               Graphics2D g2d = (Graphics2D)g;&#13;&#10;&#9;               g2d.setRenderingHint(RenderingHints.KEY_RENDERING, RenderingHints.VALUE_RENDER_QUALITY);&#13;&#10;&#9;               g2d.setPaint(p);&#13;&#10;&#9;               g2d.fillRect(0, 0, w, h);&#13;&#10;&#9;            } else {&#13;&#10;&#9;               super.paintComponent(g);&#13;&#10;&#9;            }&#13;&#10;&#9;         }&#13;&#10;&#9;      };&#13;&#10;&#9;&#9;panelSfumato.setBounds(0, 0, 434, 261);&#13;&#10;&#9;&#9;contentPane.add(panelSfumato);&#13;&#10;&#9;}&#13;&#10;}&#13;&#10;" Filename="RichiestaRimborsoFormWindow.java" Intrnl_Id="1"/>
    </SrcFileList>
    <CritList>
        <CritListEntry Name="org.codecover.model.utils.criteria.LoopCoverage" PluginName="org.codecover"/>
        <CritListEntry Name="org.codecover.model.utils.criteria.QMOCoverage" PluginName="org.codecover"/>
        <CritListEntry Name="org.codecover.model.utils.criteria.ConditionCoverage" PluginName="org.codecover"/>
        <CritListEntry Name="org.codecover.model.utils.criteria.BranchCoverage" PluginName="org.codecover"/>
        <CritListEntry Name="org.codecover.model.utils.criteria.SynchronizedStatementCoverage" PluginName="org.codecover"/>
        <CritListEntry Name="org.codecover.model.utils.criteria.StatementCoverage" PluginName="org.codecover"/>
    </CritList>
    <BoolOpList>
        <BoolOp Arity="2" Intrnl_Id="2" Name="conditional or (||)">
            <BoolAssgnmntBoolMapList>
                <MapEntry BoolAssgnmnt="00" Value="false"/>
                <MapEntry BoolAssgnmnt="01" Value="true"/>
                <MapEntry BoolAssgnmnt="12" Value="true"/>
            </BoolAssgnmntBoolMapList>
        </BoolOp>
    </BoolOpList>
    <HierarchyLvlTypeList>
        <HierarchyLvlType EnglishName="package" IntrnlName="package" Intrnl_Id="3"/>
        <HierarchyLvlType EnglishName="anonymous class" IntrnlName="class" Intrnl_Id="4"/>
        <HierarchyLvlType EnglishName="method" IntrnlName="method" Intrnl_Id="5"/>
        <HierarchyLvlType EnglishName="class" IntrnlName="class" Intrnl_Id="6"/>
        <HierarchyLvlType EnglishName="default package" IntrnlName="default package" Intrnl_Id="7"/>
    </HierarchyLvlTypeList>
    <MASTRoot>
        <HierarchyLvl HierarchyLvlId="13" HierarchyLvlTypeId="7" Intrnl_Id="8" Name="default package">
            <Header/>
            <LocList/>
            <HierarchyLvl HierarchyLvlId="12" HierarchyLvlTypeId="3" Intrnl_Id="9" Name="Boundary">
                <Header/>
                <LocList/>
                <HierarchyLvl HierarchyLvlId="11" HierarchyLvlTypeId="6" Intrnl_Id="10" Name="RichiestaRimborsoFormWindow">
                    <Header>
                        <Loc EndOffset="692" SrcFileId="1" StartOffset="637"/>
                    </Header>
                    <LocList>
                        <Loc EndOffset="5503" SrcFileId="1" StartOffset="637"/>
                    </LocList>
                    <StmntSeq Intrnl_Id="11">
                        <LocList>
                            <Loc EndOffset="747" SrcFileId="1" StartOffset="699"/>
                        </LocList>
                        <BasicStmnt CovItemId="S1" CovItemPrefix="Boundary.RichiestaRimborsoFormWindow.java" Intrnl_Id="12">
                            <LocList>
                                <Loc EndOffset="747" SrcFileId="1" StartOffset="699"/>
                            </LocList>
                        </BasicStmnt>
                    </StmntSeq>
                    <HierarchyLvl HierarchyLvlId="3" HierarchyLvlTypeId="5" Intrnl_Id="13" Name="main">
                        <Header>
                            <Loc EndOffset="1081" SrcFileId="1" StartOffset="1043"/>
                        </Header>
                        <LocList>
                            <Loc EndOffset="1348" SrcFileId="1" StartOffset="1043"/>
                        </LocList>
                        <StmntSeq Intrnl_Id="14">
                            <LocList>
                                <Loc EndOffset="1110" SrcFileId="1" StartOffset="1087"/>
                                <Loc EndOffset="1344" SrcFileId="1" StartOffset="1342"/>
                            </LocList>
                            <BasicStmnt CovItemId="S2" CovItemPrefix="Boundary.RichiestaRimborsoFormWindow.java" Intrnl_Id="15">
                                <LocList>
                                    <Loc EndOffset="1110" SrcFileId="1" StartOffset="1087"/>
                                    <Loc EndOffset="1344" SrcFileId="1" StartOffset="1342"/>
                                </LocList>
                            </BasicStmnt>
                        </StmntSeq>
                        <HierarchyLvl HierarchyLvlId="2" HierarchyLvlTypeId="4" Intrnl_Id="16" Name="Runnable">
                            <Header>
                                <Loc EndOffset="1124" SrcFileId="1" StartOffset="1114"/>
                            </Header>
                            <LocList>
                                <Loc EndOffset="1342" SrcFileId="1" StartOffset="1110"/>
                            </LocList>
                            <HierarchyLvl HierarchyLvlId="1" HierarchyLvlTypeId="5" Intrnl_Id="17" Name="run">
                                <Header>
                                    <Loc EndOffset="1148" SrcFileId="1" StartOffset="1131"/>
                                </Header>
                                <LocList>
                                    <Loc EndOffset="1337" SrcFileId="1" StartOffset="1131"/>
                                </LocList>
                                <StmntSeq Intrnl_Id="18">
                                    <LocList>
                                        <Loc EndOffset="1238" SrcFileId="1" StartOffset="1168"/>
                                        <Loc EndOffset="1268" SrcFileId="1" StartOffset="1245"/>
                                        <Loc EndOffset="1331" SrcFileId="1" StartOffset="1156"/>
                                    </LocList>
                                    <BasicStmnt CovItemId="S4" CovItemPrefix="Boundary.RichiestaRimborsoFormWindow.java" Intrnl_Id="19">
                                        <LocList>
                                            <Loc EndOffset="1238" SrcFileId="1" StartOffset="1168"/>
                                        </LocList>
                                    </BasicStmnt>
                                    <BasicStmnt CovItemId="S5" CovItemPrefix="Boundary.RichiestaRimborsoFormWindow.java" Intrnl_Id="20">
                                        <LocList>
                                            <Loc EndOffset="1268" SrcFileId="1" StartOffset="1245"/>
                                        </LocList>
                                    </BasicStmnt>
                                    <CondStmnt CovItemId="S3" CovItemPrefix="Boundary.RichiestaRimborsoFormWindow.java" Intrnl_Id="21">
                                        <Branch CovItemId="B1" CovItemPrefix="Boundary.RichiestaRimborsoFormWindow.java" Implct="true" Intrnl_Id="22">
                                            <Cond/>
                                            <LocList/>
                                            <StmntSeq Intrnl_Id="23">
                                                <LocList/>
                                            </StmntSeq>
                                        </Branch>
                                        <Branch CovItemId="B2" CovItemPrefix="Boundary.RichiestaRimborsoFormWindow.java" Implct="false" Intrnl_Id="24">
                                            <Cond>
                                                <Loc EndOffset="1295" SrcFileId="1" StartOffset="1276"/>
                                            </Cond>
                                            <LocList>
                                                <Loc EndOffset="1331" SrcFileId="1" StartOffset="1296"/>
                                            </LocList>
                                            <StmntSeq Intrnl_Id="25">
                                                <LocList>
                                                    <Loc EndOffset="1324" SrcFileId="1" StartOffset="1304"/>
                                                </LocList>
                                                <BasicStmnt CovItemId="S6" CovItemPrefix="Boundary.RichiestaRimborsoFormWindow.java" Intrnl_Id="26">
                                                    <LocList>
                                                        <Loc EndOffset="1324" SrcFileId="1" StartOffset="1304"/>
                                                    </LocList>
                                                </BasicStmnt>
                                            </StmntSeq>
                                        </Branch>
                                        <Keyword EndOffset="1159" SrcFileId="1" StartOffset="1156"/>
                                        <LocList>
                                            <Loc EndOffset="1331" SrcFileId="1" StartOffset="1156"/>
                                        </LocList>
                                    </CondStmnt>
                                </StmntSeq>
                            </HierarchyLvl>
                        </HierarchyLvl>
                    </HierarchyLvl>
                    <HierarchyLvl HierarchyLvlId="10" HierarchyLvlTypeId="5" Intrnl_Id="27" Name="RichiestaRimborsoFormWindow">
                        <Header>
                            <Loc EndOffset="1391" SrcFileId="1" StartOffset="1355"/>
                        </Header>
                        <LocList>
                            <Loc EndOffset="5500" SrcFileId="1" StartOffset="1355"/>
                        </LocList>
                        <StmntSeq Intrnl_Id="28">
                            <LocList>
                                <Loc EndOffset="1449" SrcFileId="1" StartOffset="1397"/>
                                <Loc EndOffset="1571" SrcFileId="1" StartOffset="1453"/>
                                <Loc EndOffset="1622" SrcFileId="1" StartOffset="1575"/>
                                <Loc EndOffset="1656" SrcFileId="1" StartOffset="1626"/>
                                <Loc EndOffset="1687" SrcFileId="1" StartOffset="1660"/>
                                <Loc EndOffset="1742" SrcFileId="1" StartOffset="1691"/>
                                <Loc EndOffset="1774" SrcFileId="1" StartOffset="1746"/>
                                <Loc EndOffset="1806" SrcFileId="1" StartOffset="1778"/>
                                <Loc EndOffset="1880" SrcFileId="1" StartOffset="1814"/>
                                <Loc EndOffset="1967" SrcFileId="1" StartOffset="1884"/>
                                <Loc EndOffset="2012" SrcFileId="1" StartOffset="1971"/>
                                <Loc EndOffset="2748" SrcFileId="1" StartOffset="2746"/>
                                <Loc EndOffset="2804" SrcFileId="1" StartOffset="2752"/>
                                <Loc EndOffset="2848" SrcFileId="1" StartOffset="2808"/>
                                <Loc EndOffset="2886" SrcFileId="1" StartOffset="2856"/>
                                <Loc EndOffset="2939" SrcFileId="1" StartOffset="2890"/>
                                <Loc EndOffset="2975" SrcFileId="1" StartOffset="2943"/>
                                <Loc EndOffset="3002" SrcFileId="1" StartOffset="2979"/>
                                <Loc EndOffset="3047" SrcFileId="1" StartOffset="3010"/>
                                <Loc EndOffset="3106" SrcFileId="1" StartOffset="3051"/>
                                <Loc EndOffset="3149" SrcFileId="1" StartOffset="3110"/>
                                <Loc EndOffset="3182" SrcFileId="1" StartOffset="3153"/>
                                <Loc EndOffset="3216" SrcFileId="1" StartOffset="3190"/>
                                <Loc EndOffset="3254" SrcFileId="1" StartOffset="3220"/>
                                <Loc EndOffset="3282" SrcFileId="1" StartOffset="3258"/>
                                <Loc EndOffset="3308" SrcFileId="1" StartOffset="3286"/>
                                <Loc EndOffset="3344" SrcFileId="1" StartOffset="3316"/>
                                <Loc EndOffset="3403" SrcFileId="1" StartOffset="3348"/>
                                <Loc EndOffset="3473" SrcFileId="1" StartOffset="3407"/>
                                <Loc EndOffset="3515" SrcFileId="1" StartOffset="3477"/>
                                <Loc EndOffset="3558" SrcFileId="1" StartOffset="3519"/>
                                <Loc EndOffset="3591" SrcFileId="1" StartOffset="3562"/>
                                <Loc EndOffset="3623" SrcFileId="1" StartOffset="3595"/>
                                <Loc EndOffset="3661" SrcFileId="1" StartOffset="3631"/>
                                <Loc EndOffset="3703" SrcFileId="1" StartOffset="3665"/>
                                <Loc EndOffset="3735" SrcFileId="1" StartOffset="3707"/>
                                <Loc EndOffset="3764" SrcFileId="1" StartOffset="3739"/>
                                <Loc EndOffset="3839" SrcFileId="1" StartOffset="3772"/>
                                <Loc EndOffset="3891" SrcFileId="1" StartOffset="3843"/>
                                <Loc EndOffset="3933" SrcFileId="1" StartOffset="3895"/>
                                <Loc EndOffset="4001" SrcFileId="1" StartOffset="3937"/>
                                <Loc EndOffset="4069" SrcFileId="1" StartOffset="4009"/>
                                <Loc EndOffset="4105" SrcFileId="1" StartOffset="4073"/>
                                <Loc EndOffset="4168" SrcFileId="1" StartOffset="4109"/>
                                <Loc EndOffset="4205" SrcFileId="1" StartOffset="4172"/>
                                <Loc EndOffset="4434" SrcFileId="1" StartOffset="4432"/>
                                <Loc EndOffset="4482" SrcFileId="1" StartOffset="4438"/>
                                <Loc EndOffset="4518" SrcFileId="1" StartOffset="4486"/>
                                <Loc EndOffset="4563" SrcFileId="1" StartOffset="4526"/>
                                <Loc EndOffset="4596" SrcFileId="1" StartOffset="4567"/>
                                <Loc EndOffset="4631" SrcFileId="1" StartOffset="4600"/>
                                <Loc EndOffset="4677" SrcFileId="1" StartOffset="4635"/>
                                <Loc EndOffset="4712" SrcFileId="1" StartOffset="4681"/>
                                <Loc EndOffset="4735" SrcFileId="1" StartOffset="4720"/>
                                <Loc EndOffset="5419" SrcFileId="1" StartOffset="5418"/>
                                <Loc EndOffset="5462" SrcFileId="1" StartOffset="5423"/>
                                <Loc EndOffset="5496" SrcFileId="1" StartOffset="5466"/>
                            </LocList>
                            <BasicStmnt CovItemId="S7" CovItemPrefix="Boundary.RichiestaRimborsoFormWindow.java" Intrnl_Id="29">
                                <LocList>
                                    <Loc EndOffset="1449" SrcFileId="1" StartOffset="1397"/>
                                </LocList>
                            </BasicStmnt>
                            <BasicStmnt CovItemId="S8" CovItemPrefix="Boundary.RichiestaRimborsoFormWindow.java" Intrnl_Id="30">
                                <LocList>
                                    <Loc EndOffset="1571" SrcFileId="1" StartOffset="1453"/>
                                </LocList>
                            </BasicStmnt>
                            <BasicStmnt CovItemId="S9" CovItemPrefix="Boundary.RichiestaRimborsoFormWindow.java" Intrnl_Id="31">
                                <LocList>
                                    <Loc EndOffset="1622" SrcFileId="1" StartOffset="1575"/>
                                </LocList>
                            </BasicStmnt>
                            <BasicStmnt CovItemId="S10" CovItemPrefix="Boundary.RichiestaRimborsoFormWindow.java" Intrnl_Id="32">
                                <LocList>
                                    <Loc EndOffset="1656" SrcFileId="1" StartOffset="1626"/>
                                </LocList>
                            </BasicStmnt>
                            <BasicStmnt CovItemId="S11" CovItemPrefix="Boundary.RichiestaRimborsoFormWindow.java" Intrnl_Id="33">
                                <LocList>
                                    <Loc EndOffset="1687" SrcFileId="1" StartOffset="1660"/>
                                </LocList>
                            </BasicStmnt>
                            <BasicStmnt CovItemId="S12" CovItemPrefix="Boundary.RichiestaRimborsoFormWindow.java" Intrnl_Id="34">
                                <LocList>
                                    <Loc EndOffset="1742" SrcFileId="1" StartOffset="1691"/>
                                </LocList>
                            </BasicStmnt>
                            <BasicStmnt CovItemId="S13" CovItemPrefix="Boundary.RichiestaRimborsoFormWindow.java" Intrnl_Id="35">
                                <LocList>
                                    <Loc EndOffset="1774" SrcFileId="1" StartOffset="1746"/>
                                </LocList>
                            </BasicStmnt>
                            <BasicStmnt CovItemId="S14" CovItemPrefix="Boundary.RichiestaRimborsoFormWindow.java" Intrnl_Id="36">
                                <LocList>
                                    <Loc EndOffset="1806" SrcFileId="1" StartOffset="1778"/>
                                </LocList>
                            </BasicStmnt>
                            <BasicStmnt CovItemId="S15" CovItemPrefix="Boundary.RichiestaRimborsoFormWindow.java" Intrnl_Id="37">
                                <LocList>
                                    <Loc EndOffset="1880" SrcFileId="1" StartOffset="1814"/>
                                </LocList>
                            </BasicStmnt>
                            <BasicStmnt CovItemId="S16" CovItemPrefix="Boundary.RichiestaRimborsoFormWindow.java" Intrnl_Id="38">
                                <LocList>
                                    <Loc EndOffset="1967" SrcFileId="1" StartOffset="1884"/>
                                </LocList>
                            </BasicStmnt>
                            <BasicStmnt CovItemId="S17" CovItemPrefix="Boundary.RichiestaRimborsoFormWindow.java" Intrnl_Id="39">
                                <LocList>
                                    <Loc EndOffset="2012" SrcFileId="1" StartOffset="1971"/>
                                    <Loc EndOffset="2748" SrcFileId="1" StartOffset="2746"/>
                                </LocList>
                            </BasicStmnt>
                            <BasicStmnt CovItemId="S27" CovItemPrefix="Boundary.RichiestaRimborsoFormWindow.java" Intrnl_Id="40">
                                <LocList>
                                    <Loc EndOffset="2804" SrcFileId="1" StartOffset="2752"/>
                                </LocList>
                            </BasicStmnt>
                            <BasicStmnt CovItemId="S28" CovItemPrefix="Boundary.RichiestaRimborsoFormWindow.java" Intrnl_Id="41">
                                <LocList>
                                    <Loc EndOffset="2848" SrcFileId="1" StartOffset="2808"/>
                                </LocList>
                            </BasicStmnt>
                            <BasicStmnt CovItemId="S29" CovItemPrefix="Boundary.RichiestaRimborsoFormWindow.java" Intrnl_Id="42">
                                <LocList>
                                    <Loc EndOffset="2886" SrcFileId="1" StartOffset="2856"/>
                                </LocList>
                            </BasicStmnt>
                            <BasicStmnt CovItemId="S30" CovItemPrefix="Boundary.RichiestaRimborsoFormWindow.java" Intrnl_Id="43">
                                <LocList>
                                    <Loc EndOffset="2939" SrcFileId="1" StartOffset="2890"/>
                                </LocList>
                            </BasicStmnt>
                            <BasicStmnt CovItemId="S31" CovItemPrefix="Boundary.RichiestaRimborsoFormWindow.java" Intrnl_Id="44">
                                <LocList>
                                    <Loc EndOffset="2975" SrcFileId="1" StartOffset="2943"/>
                                </LocList>
                            </BasicStmnt>
                            <BasicStmnt CovItemId="S32" CovItemPrefix="Boundary.RichiestaRimborsoFormWindow.java" Intrnl_Id="45">
                                <LocList>
                                    <Loc EndOffset="3002" SrcFileId="1" StartOffset="2979"/>
                                </LocList>
                            </BasicStmnt>
                            <BasicStmnt CovItemId="S33" CovItemPrefix="Boundary.RichiestaRimborsoFormWindow.java" Intrnl_Id="46">
                                <LocList>
                                    <Loc EndOffset="3047" SrcFileId="1" StartOffset="3010"/>
                                </LocList>
                            </BasicStmnt>
                            <BasicStmnt CovItemId="S34" CovItemPrefix="Boundary.RichiestaRimborsoFormWindow.java" Intrnl_Id="47">
                                <LocList>
                                    <Loc EndOffset="3106" SrcFileId="1" StartOffset="3051"/>
                                </LocList>
                            </BasicStmnt>
                            <BasicStmnt CovItemId="S35" CovItemPrefix="Boundary.RichiestaRimborsoFormWindow.java" Intrnl_Id="48">
                                <LocList>
                                    <Loc EndOffset="3149" SrcFileId="1" StartOffset="3110"/>
                                </LocList>
                            </BasicStmnt>
                            <BasicStmnt CovItemId="S36" CovItemPrefix="Boundary.RichiestaRimborsoFormWindow.java" Intrnl_Id="49">
                                <LocList>
                                    <Loc EndOffset="3182" SrcFileId="1" StartOffset="3153"/>
                                </LocList>
                            </BasicStmnt>
                            <BasicStmnt CovItemId="S37" CovItemPrefix="Boundary.RichiestaRimborsoFormWindow.java" Intrnl_Id="50">
                                <LocList>
                                    <Loc EndOffset="3216" SrcFileId="1" StartOffset="3190"/>
                                </LocList>
                            </BasicStmnt>
                            <BasicStmnt CovItemId="S38" CovItemPrefix="Boundary.RichiestaRimborsoFormWindow.java" Intrnl_Id="51">
                                <LocList>
                                    <Loc EndOffset="3254" SrcFileId="1" StartOffset="3220"/>
                                </LocList>
                            </BasicStmnt>
                            <BasicStmnt CovItemId="S39" CovItemPrefix="Boundary.RichiestaRimborsoFormWindow.java" Intrnl_Id="52">
                                <LocList>
                                    <Loc EndOffset="3282" SrcFileId="1" StartOffset="3258"/>
                                </LocList>
                            </BasicStmnt>
                            <BasicStmnt CovItemId="S40" CovItemPrefix="Boundary.RichiestaRimborsoFormWindow.java" Intrnl_Id="53">
                                <LocList>
                                    <Loc EndOffset="3308" SrcFileId="1" StartOffset="3286"/>
                                </LocList>
                            </BasicStmnt>
                            <BasicStmnt CovItemId="S41" CovItemPrefix="Boundary.RichiestaRimborsoFormWindow.java" Intrnl_Id="54">
                                <LocList>
                                    <Loc EndOffset="3344" SrcFileId="1" StartOffset="3316"/>
                                </LocList>
                            </BasicStmnt>
                            <BasicStmnt CovItemId="S42" CovItemPrefix="Boundary.RichiestaRimborsoFormWindow.java" Intrnl_Id="55">
                                <LocList>
                                    <Loc EndOffset="3403" SrcFileId="1" StartOffset="3348"/>
                                </LocList>
                            </BasicStmnt>
                            <BasicStmnt CovItemId="S43" CovItemPrefix="Boundary.RichiestaRimborsoFormWindow.java" Intrnl_Id="56">
                                <LocList>
                                    <Loc EndOffset="3473" SrcFileId="1" StartOffset="3407"/>
                                </LocList>
                            </BasicStmnt>
                            <BasicStmnt CovItemId="S44" CovItemPrefix="Boundary.RichiestaRimborsoFormWindow.java" Intrnl_Id="57">
                                <LocList>
                                    <Loc EndOffset="3515" SrcFileId="1" StartOffset="3477"/>
                                </LocList>
                            </BasicStmnt>
                            <BasicStmnt CovItemId="S45" CovItemPrefix="Boundary.RichiestaRimborsoFormWindow.java" Intrnl_Id="58">
                                <LocList>
                                    <Loc EndOffset="3558" SrcFileId="1" StartOffset="3519"/>
                                </LocList>
                            </BasicStmnt>
                            <BasicStmnt CovItemId="S46" CovItemPrefix="Boundary.RichiestaRimborsoFormWindow.java" Intrnl_Id="59">
                                <LocList>
                                    <Loc EndOffset="3591" SrcFileId="1" StartOffset="3562"/>
                                </LocList>
                            </BasicStmnt>
                            <BasicStmnt CovItemId="S47" CovItemPrefix="Boundary.RichiestaRimborsoFormWindow.java" Intrnl_Id="60">
                                <LocList>
                                    <Loc EndOffset="3623" SrcFileId="1" StartOffset="3595"/>
                                </LocList>
                            </BasicStmnt>
                            <BasicStmnt CovItemId="S48" CovItemPrefix="Boundary.RichiestaRimborsoFormWindow.java" Intrnl_Id="61">
                                <LocList>
                                    <Loc EndOffset="3661" SrcFileId="1" StartOffset="3631"/>
                                </LocList>
                            </BasicStmnt>
                            <BasicStmnt CovItemId="S49" CovItemPrefix="Boundary.RichiestaRimborsoFormWindow.java" Intrnl_Id="62">
                                <LocList>
                                    <Loc EndOffset="3703" SrcFileId="1" StartOffset="3665"/>
                                </LocList>
                            </BasicStmnt>
                            <BasicStmnt CovItemId="S50" CovItemPrefix="Boundary.RichiestaRimborsoFormWindow.java" Intrnl_Id="63">
                                <LocList>
                                    <Loc EndOffset="3735" SrcFileId="1" StartOffset="3707"/>
                                </LocList>
                            </BasicStmnt>
                            <BasicStmnt CovItemId="S51" CovItemPrefix="Boundary.RichiestaRimborsoFormWindow.java" Intrnl_Id="64">
                                <LocList>
                                    <Loc EndOffset="3764" SrcFileId="1" StartOffset="3739"/>
                                </LocList>
                            </BasicStmnt>
                            <BasicStmnt CovItemId="S52" CovItemPrefix="Boundary.RichiestaRimborsoFormWindow.java" Intrnl_Id="65">
                                <LocList>
                                    <Loc EndOffset="3839" SrcFileId="1" StartOffset="3772"/>
                                </LocList>
                            </BasicStmnt>
                            <BasicStmnt CovItemId="S53" CovItemPrefix="Boundary.RichiestaRimborsoFormWindow.java" Intrnl_Id="66">
                                <LocList>
                                    <Loc EndOffset="3891" SrcFileId="1" StartOffset="3843"/>
                                </LocList>
                            </BasicStmnt>
                            <BasicStmnt CovItemId="S54" CovItemPrefix="Boundary.RichiestaRimborsoFormWindow.java" Intrnl_Id="67">
                                <LocList>
                                    <Loc EndOffset="3933" SrcFileId="1" StartOffset="3895"/>
                                </LocList>
                            </BasicStmnt>
                            <BasicStmnt CovItemId="S55" CovItemPrefix="Boundary.RichiestaRimborsoFormWindow.java" Intrnl_Id="68">
                                <LocList>
                                    <Loc EndOffset="4001" SrcFileId="1" StartOffset="3937"/>
                                </LocList>
                            </BasicStmnt>
                            <BasicStmnt CovItemId="S56" CovItemPrefix="Boundary.RichiestaRimborsoFormWindow.java" Intrnl_Id="69">
                                <LocList>
                                    <Loc EndOffset="4069" SrcFileId="1" StartOffset="4009"/>
                                </LocList>
                            </BasicStmnt>
                            <BasicStmnt CovItemId="S57" CovItemPrefix="Boundary.RichiestaRimborsoFormWindow.java" Intrnl_Id="70">
                                <LocList>
                                    <Loc EndOffset="4105" SrcFileId="1" StartOffset="4073"/>
                                </LocList>
                            </BasicStmnt>
                            <BasicStmnt CovItemId="S58" CovItemPrefix="Boundary.RichiestaRimborsoFormWindow.java" Intrnl_Id="71">
                                <LocList>
                                    <Loc EndOffset="4168" SrcFileId="1" StartOffset="4109"/>
                                </LocList>
                            </BasicStmnt>
                            <BasicStmnt CovItemId="S59" CovItemPrefix="Boundary.RichiestaRimborsoFormWindow.java" Intrnl_Id="72">
                                <LocList>
                                    <Loc EndOffset="4205" SrcFileId="1" StartOffset="4172"/>
                                    <Loc EndOffset="4434" SrcFileId="1" StartOffset="4432"/>
                                </LocList>
                            </BasicStmnt>
                            <BasicStmnt CovItemId="S63" CovItemPrefix="Boundary.RichiestaRimborsoFormWindow.java" Intrnl_Id="73">
                                <LocList>
                                    <Loc EndOffset="4482" SrcFileId="1" StartOffset="4438"/>
                                </LocList>
                            </BasicStmnt>
                            <BasicStmnt CovItemId="S64" CovItemPrefix="Boundary.RichiestaRimborsoFormWindow.java" Intrnl_Id="74">
                                <LocList>
                                    <Loc EndOffset="4518" SrcFileId="1" StartOffset="4486"/>
                                </LocList>
                            </BasicStmnt>
                            <BasicStmnt CovItemId="S65" CovItemPrefix="Boundary.RichiestaRimborsoFormWindow.java" Intrnl_Id="75">
                                <LocList>
                                    <Loc EndOffset="4563" SrcFileId="1" StartOffset="4526"/>
                                </LocList>
                            </BasicStmnt>
                            <BasicStmnt CovItemId="S66" CovItemPrefix="Boundary.RichiestaRimborsoFormWindow.java" Intrnl_Id="76">
                                <LocList>
                                    <Loc EndOffset="4596" SrcFileId="1" StartOffset="4567"/>
                                </LocList>
                            </BasicStmnt>
                            <BasicStmnt CovItemId="S67" CovItemPrefix="Boundary.RichiestaRimborsoFormWindow.java" Intrnl_Id="77">
                                <LocList>
                                    <Loc EndOffset="4631" SrcFileId="1" StartOffset="4600"/>
                                </LocList>
                            </BasicStmnt>
                            <BasicStmnt CovItemId="S68" CovItemPrefix="Boundary.RichiestaRimborsoFormWindow.java" Intrnl_Id="78">
                                <LocList>
                                    <Loc EndOffset="4677" SrcFileId="1" StartOffset="4635"/>
                                </LocList>
                            </BasicStmnt>
                            <BasicStmnt CovItemId="S69" CovItemPrefix="Boundary.RichiestaRimborsoFormWindow.java" Intrnl_Id="79">
                                <LocList>
                                    <Loc EndOffset="4712" SrcFileId="1" StartOffset="4681"/>
                                </LocList>
                            </BasicStmnt>
                            <BasicStmnt CovItemId="S70" CovItemPrefix="Boundary.RichiestaRimborsoFormWindow.java" Intrnl_Id="80">
                                <LocList>
                                    <Loc EndOffset="4735" SrcFileId="1" StartOffset="4720"/>
                                    <Loc EndOffset="5419" SrcFileId="1" StartOffset="5418"/>
                                </LocList>
                            </BasicStmnt>
                            <BasicStmnt CovItemId="S80" CovItemPrefix="Boundary.RichiestaRimborsoFormWindow.java" Intrnl_Id="81">
                                <LocList>
                                    <Loc EndOffset="5462" SrcFileId="1" StartOffset="5423"/>
                                </LocList>
                            </BasicStmnt>
                            <BasicStmnt CovItemId="S81" CovItemPrefix="Boundary.RichiestaRimborsoFormWindow.java" Intrnl_Id="82">
                                <LocList>
                                    <Loc EndOffset="5496" SrcFileId="1" StartOffset="5466"/>
                                </LocList>
                            </BasicStmnt>
                        </StmntSeq>
                        <HierarchyLvl HierarchyLvlId="5" HierarchyLvlTypeId="4" Intrnl_Id="83" Name="ActionListener">
                            <Header>
                                <Loc EndOffset="2032" SrcFileId="1" StartOffset="2016"/>
                            </Header>
                            <LocList>
                                <Loc EndOffset="2746" SrcFileId="1" StartOffset="2012"/>
                            </LocList>
                            <HierarchyLvl HierarchyLvlId="4" HierarchyLvlTypeId="5" Intrnl_Id="84" Name="actionPerformed">
                                <Header>
                                    <Loc EndOffset="2081" SrcFileId="1" StartOffset="2039"/>
                                </Header>
                                <LocList>
                                    <Loc EndOffset="2741" SrcFileId="1" StartOffset="2039"/>
                                </LocList>
                                <StmntSeq Intrnl_Id="85">
                                    <LocList>
                                        <Loc EndOffset="2735" SrcFileId="1" StartOffset="2157"/>
                                    </LocList>
                                    <CondStmnt CovItemId="S18" CovItemPrefix="Boundary.RichiestaRimborsoFormWindow.java" Intrnl_Id="86">
                                        <Branch CovItemId="B3" CovItemPrefix="Boundary.RichiestaRimborsoFormWindow.java" Implct="false" Intrnl_Id="87">
                                            <Cond/>
                                            <LocList>
                                                <Loc EndOffset="2387" SrcFileId="1" StartOffset="2282"/>
                                            </LocList>
                                            <StmntSeq Intrnl_Id="88">
                                                <LocList>
                                                    <Loc EndOffset="2318" SrcFileId="1" StartOffset="2290"/>
                                                    <Loc EndOffset="2380" SrcFileId="1" StartOffset="2325"/>
                                                </LocList>
                                                <BasicStmnt CovItemId="S19" CovItemPrefix="Boundary.RichiestaRimborsoFormWindow.java" Intrnl_Id="89">
                                                    <LocList>
                                                        <Loc EndOffset="2318" SrcFileId="1" StartOffset="2290"/>
                                                    </LocList>
                                                </BasicStmnt>
                                                <BasicStmnt CovItemId="S20" CovItemPrefix="Boundary.RichiestaRimborsoFormWindow.java" Intrnl_Id="90">
                                                    <LocList>
                                                        <Loc EndOffset="2380" SrcFileId="1" StartOffset="2325"/>
                                                    </LocList>
                                                </BasicStmnt>
                                            </StmntSeq>
                                        </Branch>
                                        <Branch CovItemId="B4" CovItemPrefix="Boundary.RichiestaRimborsoFormWindow.java" Implct="false" Intrnl_Id="91">
                                            <Cond>
                                                <Loc EndOffset="2397" SrcFileId="1" StartOffset="2393"/>
                                            </Cond>
                                            <LocList>
                                                <Loc EndOffset="2735" SrcFileId="1" StartOffset="2398"/>
                                            </LocList>
                                            <StmntSeq Intrnl_Id="92">
                                                <LocList>
                                                    <Loc EndOffset="2453" SrcFileId="1" StartOffset="2405"/>
                                                    <Loc EndOffset="2488" SrcFileId="1" StartOffset="2459"/>
                                                    <Loc EndOffset="2556" SrcFileId="1" StartOffset="2494"/>
                                                    <Loc EndOffset="2660" SrcFileId="1" StartOffset="2562"/>
                                                    <Loc EndOffset="2694" SrcFileId="1" StartOffset="2666"/>
                                                    <Loc EndOffset="2728" SrcFileId="1" StartOffset="2700"/>
                                                </LocList>
                                                <BasicStmnt CovItemId="S21" CovItemPrefix="Boundary.RichiestaRimborsoFormWindow.java" Intrnl_Id="93">
                                                    <LocList>
                                                        <Loc EndOffset="2453" SrcFileId="1" StartOffset="2405"/>
                                                    </LocList>
                                                </BasicStmnt>
                                                <BasicStmnt CovItemId="S22" CovItemPrefix="Boundary.RichiestaRimborsoFormWindow.java" Intrnl_Id="94">
                                                    <LocList>
                                                        <Loc EndOffset="2488" SrcFileId="1" StartOffset="2459"/>
                                                    </LocList>
                                                </BasicStmnt>
                                                <BasicStmnt CovItemId="S23" CovItemPrefix="Boundary.RichiestaRimborsoFormWindow.java" Intrnl_Id="95">
                                                    <LocList>
                                                        <Loc EndOffset="2556" SrcFileId="1" StartOffset="2494"/>
                                                    </LocList>
                                                </BasicStmnt>
                                                <BasicStmnt CovItemId="S24" CovItemPrefix="Boundary.RichiestaRimborsoFormWindow.java" Intrnl_Id="96">
                                                    <LocList>
                                                        <Loc EndOffset="2660" SrcFileId="1" StartOffset="2562"/>
                                                    </LocList>
                                                </BasicStmnt>
                                                <BasicStmnt CovItemId="S25" CovItemPrefix="Boundary.RichiestaRimborsoFormWindow.java" Intrnl_Id="97">
                                                    <LocList>
                                                        <Loc EndOffset="2694" SrcFileId="1" StartOffset="2666"/>
                                                    </LocList>
                                                </BasicStmnt>
                                                <BasicStmnt CovItemId="S26" CovItemPrefix="Boundary.RichiestaRimborsoFormWindow.java" Intrnl_Id="98">
                                                    <LocList>
                                                        <Loc EndOffset="2728" SrcFileId="1" StartOffset="2700"/>
                                                    </LocList>
                                                </BasicStmnt>
                                            </StmntSeq>
                                        </Branch>
                                        <Keyword EndOffset="2159" SrcFileId="1" StartOffset="2157"/>
                                        <LocList>
                                            <Loc EndOffset="2735" SrcFileId="1" StartOffset="2157"/>
                                        </LocList>
                                        <RootTerm CovItemId="C1" CovItemPrefix="Boundary.RichiestaRimborsoFormWindow.java" Intrnl_Id="99">
                                            <OpTerm BooleanOpId="2" Intrnl_Id="100">
                                                <OpTerm BooleanOpId="2" Intrnl_Id="101">
                                                    <BasicBoolTerm Intrnl_Id="102">
                                                        <LocList>
                                                            <Loc EndOffset="2191" SrcFileId="1" StartOffset="2160"/>
                                                        </LocList>
                                                    </BasicBoolTerm>
                                                    <BasicBoolTerm Intrnl_Id="103">
                                                        <LocList>
                                                            <Loc EndOffset="2222" SrcFileId="1" StartOffset="2195"/>
                                                        </LocList>
                                                    </BasicBoolTerm>
                                                    <LocList>
                                                        <Loc EndOffset="2194" SrcFileId="1" StartOffset="2192"/>
                                                    </LocList>
                                                </OpTerm>
                                                <BasicBoolTerm Intrnl_Id="104">
                                                    <LocList>
                                                        <Loc EndOffset="2280" SrcFileId="1" StartOffset="2226"/>
                                                    </LocList>
                                                </BasicBoolTerm>
                                                <LocList>
                                                    <Loc EndOffset="2225" SrcFileId="1" StartOffset="2223"/>
                                                </LocList>
                                            </OpTerm>
                                        </RootTerm>
                                    </CondStmnt>
                                </StmntSeq>
                            </HierarchyLvl>
                        </HierarchyLvl>
                        <HierarchyLvl HierarchyLvlId="7" HierarchyLvlTypeId="4" Intrnl_Id="105" Name="ActionListener">
                            <Header>
                                <Loc EndOffset="4225" SrcFileId="1" StartOffset="4209"/>
                            </Header>
                            <LocList>
                                <Loc EndOffset="4432" SrcFileId="1" StartOffset="4205"/>
                            </LocList>
                            <HierarchyLvl HierarchyLvlId="6" HierarchyLvlTypeId="5" Intrnl_Id="106" Name="actionPerformed">
                                <Header>
                                    <Loc EndOffset="4274" SrcFileId="1" StartOffset="4232"/>
                                </Header>
                                <LocList>
                                    <Loc EndOffset="4427" SrcFileId="1" StartOffset="4232"/>
                                </LocList>
                                <StmntSeq Intrnl_Id="107">
                                    <LocList>
                                        <Loc EndOffset="4421" SrcFileId="1" StartOffset="4282"/>
                                    </LocList>
                                    <CondStmnt CovItemId="S60" CovItemPrefix="Boundary.RichiestaRimborsoFormWindow.java" Intrnl_Id="108">
                                        <Branch CovItemId="B5" CovItemPrefix="Boundary.RichiestaRimborsoFormWindow.java" Implct="false" Intrnl_Id="109">
                                            <Cond/>
                                            <LocList>
                                                <Loc EndOffset="4364" SrcFileId="1" StartOffset="4314"/>
                                            </LocList>
                                            <StmntSeq Intrnl_Id="110">
                                                <LocList>
                                                    <Loc EndOffset="4357" SrcFileId="1" StartOffset="4322"/>
                                                </LocList>
                                                <BasicStmnt CovItemId="S61" CovItemPrefix="Boundary.RichiestaRimborsoFormWindow.java" Intrnl_Id="111">
                                                    <LocList>
                                                        <Loc EndOffset="4357" SrcFileId="1" StartOffset="4322"/>
                                                    </LocList>
                                                </BasicStmnt>
                                            </StmntSeq>
                                        </Branch>
                                        <Branch CovItemId="B6" CovItemPrefix="Boundary.RichiestaRimborsoFormWindow.java" Implct="false" Intrnl_Id="112">
                                            <Cond>
                                                <Loc EndOffset="4374" SrcFileId="1" StartOffset="4370"/>
                                            </Cond>
                                            <LocList>
                                                <Loc EndOffset="4421" SrcFileId="1" StartOffset="4375"/>
                                            </LocList>
                                            <StmntSeq Intrnl_Id="113">
                                                <LocList>
                                                    <Loc EndOffset="4414" SrcFileId="1" StartOffset="4383"/>
                                                </LocList>
                                                <BasicStmnt CovItemId="S62" CovItemPrefix="Boundary.RichiestaRimborsoFormWindow.java" Intrnl_Id="114">
                                                    <LocList>
                                                        <Loc EndOffset="4414" SrcFileId="1" StartOffset="4383"/>
                                                    </LocList>
                                                </BasicStmnt>
                                            </StmntSeq>
                                        </Branch>
                                        <Keyword EndOffset="4284" SrcFileId="1" StartOffset="4282"/>
                                        <LocList>
                                            <Loc EndOffset="4421" SrcFileId="1" StartOffset="4282"/>
                                        </LocList>
                                        <RootTerm CovItemId="C2" CovItemPrefix="Boundary.RichiestaRimborsoFormWindow.java" Intrnl_Id="115">
                                            <BasicBoolTerm Intrnl_Id="116">
                                                <LocList>
                                                    <Loc EndOffset="4312" SrcFileId="1" StartOffset="4285"/>
                                                </LocList>
                                            </BasicBoolTerm>
                                        </RootTerm>
                                    </CondStmnt>
                                </StmntSeq>
                            </HierarchyLvl>
                        </HierarchyLvl>
                        <HierarchyLvl HierarchyLvlId="9" HierarchyLvlTypeId="4" Intrnl_Id="117" Name="JPanel">
                            <Header>
                                <Loc EndOffset="4747" SrcFileId="1" StartOffset="4739"/>
                            </Header>
                            <LocList>
                                <Loc EndOffset="5418" SrcFileId="1" StartOffset="4735"/>
                            </LocList>
                            <HierarchyLvl HierarchyLvlId="8" HierarchyLvlTypeId="5" Intrnl_Id="118" Name="paintComponent">
                                <Header>
                                    <Loc EndOffset="4864" SrcFileId="1" StartOffset="4809"/>
                                </Header>
                                <LocList>
                                    <Loc EndOffset="5408" SrcFileId="1" StartOffset="4809"/>
                                </LocList>
                                <StmntSeq Intrnl_Id="119">
                                    <LocList>
                                        <Loc EndOffset="5395" SrcFileId="1" StartOffset="4881"/>
                                    </LocList>
                                    <CondStmnt CovItemId="S71" CovItemPrefix="Boundary.RichiestaRimborsoFormWindow.java" Intrnl_Id="120">
                                        <Branch CovItemId="B7" CovItemPrefix="Boundary.RichiestaRimborsoFormWindow.java" Implct="false" Intrnl_Id="121">
                                            <Cond/>
                                            <LocList>
                                                <Loc EndOffset="5330" SrcFileId="1" StartOffset="4910"/>
                                            </LocList>
                                            <StmntSeq Intrnl_Id="122">
                                                <LocList>
                                                    <Loc EndOffset="4951" SrcFileId="1" StartOffset="4932"/>
                                                    <Loc EndOffset="4989" SrcFileId="1" StartOffset="4969"/>
                                                    <Loc EndOffset="5082" SrcFileId="1" StartOffset="5007"/>
                                                    <Loc EndOffset="5131" SrcFileId="1" StartOffset="5100"/>
                                                    <Loc EndOffset="5237" SrcFileId="1" StartOffset="5149"/>
                                                    <Loc EndOffset="5271" SrcFileId="1" StartOffset="5255"/>
                                                    <Loc EndOffset="5314" SrcFileId="1" StartOffset="5289"/>
                                                </LocList>
                                                <BasicStmnt CovItemId="S72" CovItemPrefix="Boundary.RichiestaRimborsoFormWindow.java" Intrnl_Id="123">
                                                    <LocList>
                                                        <Loc EndOffset="4951" SrcFileId="1" StartOffset="4932"/>
                                                    </LocList>
                                                </BasicStmnt>
                                                <BasicStmnt CovItemId="S73" CovItemPrefix="Boundary.RichiestaRimborsoFormWindow.java" Intrnl_Id="124">
                                                    <LocList>
                                                        <Loc EndOffset="4989" SrcFileId="1" StartOffset="4969"/>
                                                    </LocList>
                                                </BasicStmnt>
                                                <BasicStmnt CovItemId="S74" CovItemPrefix="Boundary.RichiestaRimborsoFormWindow.java" Intrnl_Id="125">
                                                    <LocList>
                                                        <Loc EndOffset="5082" SrcFileId="1" StartOffset="5007"/>
                                                    </LocList>
                                                </BasicStmnt>
                                                <BasicStmnt CovItemId="S75" CovItemPrefix="Boundary.RichiestaRimborsoFormWindow.java" Intrnl_Id="126">
                                                    <LocList>
                                                        <Loc EndOffset="5131" SrcFileId="1" StartOffset="5100"/>
                                                    </LocList>
                                                </BasicStmnt>
                                                <BasicStmnt CovItemId="S76" CovItemPrefix="Boundary.RichiestaRimborsoFormWindow.java" Intrnl_Id="127">
                                                    <LocList>
                                                        <Loc EndOffset="5237" SrcFileId="1" StartOffset="5149"/>
                                                    </LocList>
                                                </BasicStmnt>
                                                <BasicStmnt CovItemId="S77" CovItemPrefix="Boundary.RichiestaRimborsoFormWindow.java" Intrnl_Id="128">
                                                    <LocList>
                                                        <Loc EndOffset="5271" SrcFileId="1" StartOffset="5255"/>
                                                    </LocList>
                                                </BasicStmnt>
                                                <BasicStmnt CovItemId="S78" CovItemPrefix="Boundary.RichiestaRimborsoFormWindow.java" Intrnl_Id="129">
                                                    <LocList>
                                                        <Loc EndOffset="5314" SrcFileId="1" StartOffset="5289"/>
                                                    </LocList>
                                                </BasicStmnt>
                                            </StmntSeq>
                                        </Branch>
                                        <Branch CovItemId="B8" CovItemPrefix="Boundary.RichiestaRimborsoFormWindow.java" Implct="false" Intrnl_Id="130">
                                            <Cond>
                                                <Loc EndOffset="5335" SrcFileId="1" StartOffset="5331"/>
                                            </Cond>
                                            <LocList>
                                                <Loc EndOffset="5395" SrcFileId="1" StartOffset="5336"/>
                                            </LocList>
                                            <StmntSeq Intrnl_Id="131">
                                                <LocList>
                                                    <Loc EndOffset="5379" SrcFileId="1" StartOffset="5355"/>
                                                </LocList>
                                                <BasicStmnt CovItemId="S79" CovItemPrefix="Boundary.RichiestaRimborsoFormWindow.java" Intrnl_Id="132">
                                                    <LocList>
                                                        <Loc EndOffset="5379" SrcFileId="1" StartOffset="5355"/>
                                                    </LocList>
                                                </BasicStmnt>
                                            </StmntSeq>
                                        </Branch>
                                        <Keyword EndOffset="4883" SrcFileId="1" StartOffset="4881"/>
                                        <LocList>
                                            <Loc EndOffset="5395" SrcFileId="1" StartOffset="4881"/>
                                        </LocList>
                                        <RootTerm CovItemId="C3" CovItemPrefix="Boundary.RichiestaRimborsoFormWindow.java" Intrnl_Id="133">
                                            <BasicBoolTerm Intrnl_Id="134">
                                                <LocList>
                                                    <Loc EndOffset="4908" SrcFileId="1" StartOffset="4885"/>
                                                </LocList>
                                            </BasicBoolTerm>
                                        </RootTerm>
                                    </CondStmnt>
                                </StmntSeq>
                            </HierarchyLvl>
                        </HierarchyLvl>
                    </HierarchyLvl>
                </HierarchyLvl>
            </HierarchyLvl>
        </HierarchyLvl>
    </MASTRoot>
</TestSessionContainer>
